app/build/outputs/logs/manifest-merger-debug-report.txt
-- Merging decision tree log ---
manifest
ADDED from src/main/AndroidManifest.xml:2:1-25:12
INJECTED from src/main/AndroidManifest.xml:2:1-25:12
INJECTED from src/main/AndroidManifest.xml:2:1-25:12
INJECTED from src/main/AndroidManifest.xml:2:1-25:12
INJECTED from src/main/AndroidManifest.xml:2:1-25:12
INJECTED from src/main/AndroidManifest.xml:2:1-25:12
INJECTED from src/main/AndroidManifest.xml:2:1-25:12
	package
		ADDED from src/main/AndroidManifest.xml:4:2-29
		INJECTED from src/main/AndroidManifest.xml
		INJECTED from src/main/AndroidManifest.xml
	android:versionName
		ADDED from src/main/AndroidManifest.xml:6:2-27
		INJECTED from src/main/AndroidManifest.xml
		INJECTED from src/main/AndroidManifest.xml
	xmlns:android
		ADDED from src/main/AndroidManifest.xml:3:2-60
	android:versionCode
		ADDED from src/main/AndroidManifest.xml:5:2-25
		INJECTED from src/main/AndroidManifest.xml
		INJECTED from src/main/AndroidManifest.xml
uses-permission#android.permission.WRITE_EXTERNAL_STORAGE
ADDED from src/main/AndroidManifest.xml:7:2-77
	android:name
		ADDED from src/main/AndroidManifest.xml:7:19-75
uses-permission#android.permission.MOUNT_UNMOUNT_FILESYSTEMS
ADDED from src/main/AndroidManifest.xml:8:2-80
	android:name
		ADDED from src/main/AndroidManifest.xml:8:19-78
uses-sdk
ADDED from src/main/AndroidManifest.xml:9:2-11:34
INJECTED from src/main/AndroidManifest.xml:9:2-11:34
INJECTED from src/main/AndroidManifest.xml:9:2-11:34
INJECTED from src/main/AndroidManifest.xml:9:2-11:34
INJECTED from src/main/AndroidManifest.xml:9:2-11:34
	android:targetSdkVersion
		ADDED from src/main/AndroidManifest.xml:11:3-32
		INJECTED from src/main/AndroidManifest.xml
		INJECTED from src/main/AndroidManifest.xml
	android:minSdkVersion
		ADDED from src/main/AndroidManifest.xml:10:3-28
		INJECTED from src/main/AndroidManifest.xml
		INJECTED from src/main/AndroidManifest.xml
application
ADDED from src/main/AndroidManifest.xml:12:2-24:16
	android:label
		ADDED from src/main/AndroidManifest.xml:14:3-35
	android:icon
		ADDED from src/main/AndroidManifest.xml:13:3-39
	android:theme
		ADDED from src/main/AndroidManifest.xml:15:3-34
activity#com.juju.droidSpy.MainActivity
ADDED from src/main/AndroidManifest.xml:16:3-23:14
	android:label
		ADDED from src/main/AndroidManifest.xml:17:4-36
	android:name
		ADDED from src/main/AndroidManifest.xml:18:4-32
intent-filter#android.intent.action.MAIN+android.intent.category.LAUNCHER
ADDED from src/main/AndroidManifest.xml:19:4-22:20
action#android.intent.action.MAIN
ADDED from src/main/AndroidManifest.xml:20:5-56
	android:name
		ADDED from src/main/AndroidManifest.xml:20:13-54
category#android.intent.category.LAUNCHER
ADDED from src/main/AndroidManifest.xml:21:5-64
	android:name
		ADDED from src/main/AndroidManifest.xml:21:15-62